33
136
21
51
12
82
65
143
637
517
150
113
267
26
179
20
102
158
21
1334
367
382
1255
119
44
80
121
149
288
52
982
100
592
68
1353
87
404
1043
713
684
554
414
122
127
1201
244
93
44
273
0
536
0
419
546
436
0
116
1537
1354
692
0
51
432
15
387
0
96
54
14
248
0
230
527
0
686
39
195
360
118
482
160
0
309
848
154
0
1038
102
667
710
279
0
206
273
34
7
977
0
202
162
741
362
119
62
164
530
0
107
277
0
29
318
581
394
0
106
52
683
639
714
180
344
491
355
561
0
324
210
439
647
876
405
1285
0
967
557
0
89
193
0
49
52
2
93
196
0
0
78
741
85
344
1418
0
945
104
446
160
663
132
0
1
0
116
1232
40
705
705
77
596
258
108
272
1425
2
424
0
2
0
21
306
265
34
0
0
0
109
126
797
69
75
160
107
0
808
86
774
24
760
0
30
685
878
564
380
609
46
252
937
185
0
263
0
511
82
1080
0
6
119
25
673
166
112
560
604
888
456
6
779
136
92
406
485
257
153
24
326
0
86
123
0
0
505
605
0
462
77
534
29
325
0
338
61
206
807
26
37
374
147
1
36
4
9
211
295
60
122
228
5
420
0
8
72
149
330
114
309
53
167
1061
0
921
676
765
104
258
27
747
1235
746
347
251
8
431
72
257
17
224
39
15
831
12
786
523
72
307
216
670
428
0
112
287
400
94
968
287
0
1503
1
1110
818
0
0
438
534
390
676
0
1004
211
159
658
141
108
1315
294
12
302
978
337
0
608
53
243
0
878
170
121
787
8
22
0
401
200
270
504
833
72
491
86
89
0
659
41
354
554
92
77
993
0
20
995
0
215
35
150
303
10
0
248
406
56
127
388
451
2
291
744
1350
91
114
11
345
47
395
684
770
0
108
21
52
236
118
441
340
31
129
82
330
222
150
415
0
482
130
156
521
1167
462
171
70
104
615
958
40
168
1004
22
90
318
16
79
122
0
377
669
173
245
0
1418
41
77
31
384
114
541
531
349
8
724
0
184
291
315
0
539
10
882
139
768
59
128
201
10
564
20
543
171
270
532
444
141
28
738
863
550
76
112
640
114
502
0
448
379
693
168
812
606
147
0
482
0
1343
86
101
12
1232
212
544
223
0
716
52
24
678
21
102
0
166
3
103
158
0
420
121
57
269
262
94
83
137
266
103
0
373
6
105
314
7
114
14
738
186
836
0
44
876
5
305
47
0
2
58
118
131
2
41
297
20
34
502
0
63
288
140
675
174
860
17
34
58
459
183
118
498
89
752
353
206
125
142
673
67
175
223
44
106
343
284
408
246
145
266
41
1
19
339
211
577
1352
4
0
292
357
51
31
0
155
710
0
401
308
0
380
195
538
399
0
489
732
30
118
126
294
249
27
200
457
993
313
51
0
106
156
219
19
928
422
649
848
83
0
403
36
24
303
127
634
293
0
531
72
758
143
24
370
1
189
146
435
624
138
329
1
2
234
956
56
2
107
958
27
255
118
0
117
269
0
1029
1128
12
381
1219
0
0
879
354
250
27
11
61
335
143
238
536
1109
535
0
760
226
36
18
5
571
170
0
89
792
251
1058
425
406
389
392
606
562
212
93
199
0
50
543
34
161
69
631
509
1366
1120
9
30
203
79
95
416
28
16
427
19
130
0
311
149
1441
15
198
374
65
230
114
547
1109
0
509
4
502
1131
469
239
214
62
850
70
750
764
361
262
332
284
308
248
571
0
0
347
0
80
219
1238
254
384
15
7
273
359
157
292
758
54
478
27
438
129
710
925
726
18
331
431
28
90
31
476
155
62
681
912
113
110
17
1693
318
142
13
163
110
34
149
51
775
991
17
66
0
557
730
606
1
227
35
227
105
60
533
206
14
1182
226
0
623
40
110
0
14
750
116
667
372
687
346
290
368
0
10
881
0
728
446
0
333
90
374
59
177
0
0
1037
117
0
50
33
181
66
582
65
959
37
451
87
670
0
313
359
203
422
666
713
113
37
676
2
304
312
0
9
292
335
0
71
1083
26
12
652
1212
408
512
675
466
779
610
980
367
20
791
86
6
447
98
575
317
0
167
101
19
195
44
780
0
419
12
88
0
144
39
71
7
521
170
642
519
739
305
38
672
349
210
364
58
304
55
1319
63
35
54
93
0
0
59
732
14
49
87
703
1472
631
318
108
1130
222
21
157
1011
448
57
112
62
65
0
57
0
131
135
321
111
214
50
996
294
24
373
0
4
812
237
176
207
206
30
700
948
0
172
482
69
0
30
188
330
155
161
643
171
321
605
989
508
0
268
236
132
63
390
779
75
243
0
545
249
16
930
0
131
178
381
641
426
1235
237
398
295
220
273
1300
353
670
2
958
454
673
151
596
9
3
156
325
174
448
637
60
25
912
34
205
75
64
482
136
83
392
0
0
570
94
59
96
229
7
561
438
80
643
1
0
0
172
214
66
360
134
424
99
11
818
1361
322
234
698
278
632
174
14
451
542
0
635
883
106
303
563
407
145
549
860
307
960
818
69
42
974
192
273
206
665
800
6
15
0
716
829
0
607
557
19
532
34
1244
663
0
179
753
14
1080
690
276
446
310
0
262
1
196
25
836
37
1011
554
498
39
145
20
50
116
166
759
18
0
1151
496
721
23
197
352
13
45
315
106
600
483
301
4
510
119
0
1
41
548
731
0
48
61
179
468
976
294
0
769
787
0
334
152
529
201
475
12
257
5
528
40
153
17
227
493
306
231
445
1010
75
749
9
789
14
408
928
709
147
0
51
336
285
14
239
95
47
352
0
67
0
548
18
37
9
345
108
245
192
744
8
49
136
173
324
1086
499
1090
633
716
407
3
1163
869
152
335
411
750
971
327
304
152
0
210
768
778
60
504
8
92
348
124
543
67
114
0
306
82
299
0
135
464
353
0
267
19
132
27
718
291
142
1035
0
1063
0
28
212
117
77
351
80
994
224
3
1
53
1
0
201
451
234
13
439
461
56
44
322
787
0
878
22
444
592
665
268
188
11
467
42
215
72
49
314
0
1057
451
0
453
214
460
43
448
3
615
251
1
1129
93
111
886
285
0
591
125
60
141
2
0
108
797
764
0
45
33
221
8
585
0
95
72
27
1479
51
236
61
17
50
45
1092
273
198
130
1031
659
928
86
4
111
771
41
732
221
35
180
14
20
2
0
353
20
525
638
579
267
45
765
162
385
728
11
511
679
174
181
237
166
56
0
715
311
22
419
694
676
38
391
379
299
625
262
44
657
164
14
88
0
10
180
165
398
623
267
422
168
11
232
906
83
932
0
327
300
65
968
0
145
59
54
550
277
38
692
732
458
185
117
205
635
215
0
734
503
555
258
729
252
335
467
66
319
646
0
143
678
11
3
18
167
199
6
31
37
179
673
579
448
513
185
793
801
706
0
490
64
520
516
155
523
345
842
623
598
1346
20
74
507
99
162
873
162
11
534
246
0
7
18
468
501
31
200
287
286
659
230
229
526
547
0
5
62
99
453
911
374
2
124
104
331
237
321
49
7
0
0
141
72
10
17
77
378
0
54
96
95
93
897
835
763
337
0
1041
330
0
43
151
67
649
179
823
5
151
358
732
143
240
1155
91
709
208
264
21
59
61
6
216
18
16
30
545
70
5
7
706
1111
1148
71
597
1
192
43
21
311
0
0
75
23
0
178
97
1083
48
836
1
0
72
855
935
563
510
143
296
1567
80
0
71
468
420
767
0
704
478
992
344
486
24
0
768
87
2
341
22
39
821
379
686
855
172
1148
576
8
406
658
17
446
25
1335
83
206
0
7
939
111
122
86
760
0
163
421
333
531
894
1146
0
162
2
557
94
757
1064
167
129
129
584
42
15
226
477
156
204
13
0
1408
49
338
217
6
301
296
440
401
245
2
39
302
2
311
586
35
63
822
748
1099
262
333
597
393
38
29
636
0
604
34
369
92
20
292
875
35
602
0
82
995
552
15
224
25
295
160
686
601
0
326
488
0
166
1
0
319
0
724
499
233
0
0
50
756
1155
358
28
142
522
359
1044
523
662
0
707
740
855
432
91
253
175
144
1034
583
533
52
116
886
574
134
370
333
1475
173
373
40
256
300
151
216
153
887
41
0
36
442
128
912
256
335
1140
276
3
0
98
281
6
642
150
1
0
0
747
882
455
233
544
65
541
41
964
698
131
35
309
280
809
143
144
91
3
228
12
114
165
978
211
3
483
10
244
0
5
1036
186
965
0
123
596
442
0
366
0
100
298
18
590
358
418
552
27
571
138
545
693
875
23
115
208
610
323
886
570
416
550
0
241
0
364
55
269
322
660
1021
11
955
749
0
389
62
495
3
620
0
191
712
373
417
65
1
630
88
1273
401
990
640
96
72
0
717
522
9
492
368
124
6
4
0
420
224
527
160
345
736
627
10
12
91
7
78
0
72
35
462
630
911
720
483
18
94
1019
19
210
1238
76
163
130
329
55
69
0
390
296
687
119
0
746
189
607
1
7
79
0
1187
1205
0
83
1
4
214
680
755
558
1568
74
90
117
571
179
12
341
595
260
938
509
323
765
0
113
689
1205
658
1110
527
10
11
113
82
207
391
0
610
2
8
136
1258
552
28
95
27
270
0
27
102
803
119
145
202
873
497
261
44
66
12
161
0
0
0
0
177
0
71
646
724
556
63
0
212
363
0
22
338
662
648
31
1281
177
0
652
1015
30
539
26
470
346
1089
21
1196
398
0
146
336
0
388
77
45
17
786
424
589
92
705
43
81
54
321
16
161
493
856
262
0
92
0
3
1
63
12
44
4
203
207
230
465
58
159
331
0
560
0
451
151
233
127
681
0
0
315
91
747
575
146
0
34
1023
217
1060
516
538
601
452
44
18
330
291
8
4
472
38
1
559
153
914
617
388
16
290
67
618
178
435
22
0
0
0
768
897
571
808
708
201
143
0
735
0
28
73
193
488
0
364
954
313
2
203
568
171
22
0
171
265
34
0
152
1120
0
27
0
796
268
208
21
191
251
54
25
100
9
59
652
150
197
875
121
132
0
259
691
104
255
450
113
539
29
52
216
0
167
190
246
934
392
826
22
492
112
615
647
550
0
48
261
164
301
1311
1020
887
82
412
47
428
71
0
709
10
356
214
73
0
558
0
0
15
291
224
347
1118
553
92
0
106
0
49
1287
14
302
24
157
1107
649
288
299
622
71
2
146
388
235
163
726
289
1133
0
74
253
517
65
257
58
0
25
160
45
46
352
100
493
149
38
127
152
129
61
13
59
475
126
375
267
654
102
8
122
226
219
92
66
544
3
600
57
0
986
1264
486
818
16
11
19
368
64
31
53
63
282
374
452
10
537
157
22
414
595
786
171
1300
0
189
3
34
293
423
178
539
360
38
3
353
401
741
7
1268
493
0
29
433
1086
70
64
29
342
861
79
0
0
522
310
65
482
225
194
229
780
48
375
180
695
30
96
436
375
217
81
0
0
1516
1
793
184
677
8
0
241
7
7
522
57
542
63
657
413
111
14
0
535
163
18
61
234
0
573
0
1019
10
14
407
699
710
20
30
460
255
34
880
175
147
0
502
591
28
851
74
95
457
1075
0
361
88
22
282
347
492
433
478
324
372
258
1198
671
113
12
905
67
13
0
919
0
260
165
270
415
0
404
489
364
19
2
453
459
7
680
0
1
242
1146
483
496
717
500
24
931
880
575
144
616
643
211
275
0
152
62
309
642
208
369
54
87
0
255
857
66
313
802
19
108
316
182
474
4
